[0127/011753.846:ERROR:process_memory_win.cc(73)] ReadMemory at 0x7ff734fa0000 of 64 bytes failed: Only part of a ReadProcessMemory or WriteProcessMemory request was completed. (0x12B)
[0127/011753.848:WARNING:pe_image_reader.cc(340)] could not read dos header from C:\Program Files (x86)\Google\Chrome\Application\chrome.exe
[0127/011753.848:ERROR:process_memory_win.cc(73)] ReadMemory at 0x7ff9d2080000 of 64 bytes failed: Only part of a ReadProcessMemory or WriteProcessMemory request was completed. (0x12B)
[0127/011753.848:WARNING:pe_image_reader.cc(340)] could not read dos header from C:\WINDOWS\SYSTEM32\ntdll.dll
[0127/011753.848:ERROR:process_memory_win.cc(73)] ReadMemory at 0x7ff9d02e0000 of 64 bytes failed: Only part of a ReadProcessMemory or WriteProcessMemory request was completed. (0x12B)
[0127/011753.848:WARNING:pe_image_reader.cc(340)] could not read dos header from C:\WINDOWS\System32\KERNEL32.DLL
[0127/011753.848:ERROR:process_memory_win.cc(73)] ReadMemory at 0x7ff9cf430000 of 64 bytes failed: Only part of a ReadProcessMemory or WriteProcessMemory request was completed. (0x12B)
[0127/011753.848:WARNING:pe_image_reader.cc(340)] could not read dos header from C:\WINDOWS\System32\KERNELBASE.dll
[0127/011753.848:ERROR:process_memory_win.cc(73)] ReadMemory at 0x7ff9ccdd0000 of 64 bytes failed: Only part of a ReadProcessMemory or WriteProcessMemory request was completed. (0x12B)
[0127/011753.848:WARNING:pe_image_reader.cc(340)] could not read dos header from C:\WINDOWS\SYSTEM32\apphelp.dll
[0127/011753.849:ERROR:process_memory_win.cc(73)] ReadMemory at 0x7ff9d16d0000 of 64 bytes failed: Only part of a ReadProcessMemory or WriteProcessMemory request was completed. (0x12B)
[0127/011753.849:WARNING:pe_image_reader.cc(340)] could not read dos header from C:\WINDOWS\System32\SHELL32.dll
[0127/011753.849:ERROR:process_memory_win.cc(73)] ReadMemory at 0x7ff9d0030000 of 64 bytes failed: Only part of a ReadProcessMemory or WriteProcessMemory request was completed. (0x12B)
[0127/011753.849:WARNING:pe_image_reader.cc(340)] could not read dos header from C:\WINDOWS\System32\ucrtbase.dll
[0127/011753.849:ERROR:process_memory_win.cc(73)] ReadMemory at 0x7ff9cf2c0000 of 64 bytes failed: Only part of a ReadProcessMemory or WriteProcessMemory request was completed. (0x12B)
[0127/011753.849:WARNING:pe_image_reader.cc(340)] could not read dos header from C:\WINDOWS\System32\cfgmgr32.dll
[0127/011753.849:ERROR:process_memory_win.cc(73)] ReadMemory at 0x7ff9d0400000 of 64 bytes failed: Only part of a ReadProcessMemory or WriteProcessMemory request was completed. (0x12B)
[0127/011753.849:WARNING:pe_image_reader.cc(340)] could not read dos header from C:\WINDOWS\System32\shcore.dll
[0127/011753.849:ERROR:process_memory_win.cc(73)] ReadMemory at 0x7ff9d1dc0000 of 64 bytes failed: Only part of a ReadProcessMemory or WriteProcessMemory request was completed. (0x12B)
[0127/011753.849:WARNING:pe_image_reader.cc(340)] could not read dos header from C:\WINDOWS\System32\msvcrt.dll
[0127/011753.849:ERROR:process_memory_win.cc(73)] ReadMemory at 0x7ff9d0b00000 of 64 bytes failed: Only part of a ReadProcessMemory or WriteProcessMemory request was completed. (0x12B)
[0127/011753.849:WARNING:pe_image_reader.cc(340)] could not read dos header from C:\WINDOWS\System32\RPCRT4.dll
[0127/011753.849:ERROR:process_memory_win.cc(73)] ReadMemory at 0x7ff9d0c20000 of 64 bytes failed: Only part of a ReadProcessMemory or WriteProcessMemory request was completed. (0x12B)
[0127/011753.849:WARNING:pe_image_reader.cc(340)] could not read dos header from C:\WINDOWS\System32\combase.dll
[0127/011753.849:ERROR:process_memory_win.cc(73)] ReadMemory at 0x7ff9cf230000 of 64 bytes failed: Only part of a ReadProcessMemory or WriteProcessMemory request was completed. (0x12B)
[0127/011753.849:WARNING:pe_image_reader.cc(340)] could not read dos header from C:\WINDOWS\System32\bcryptPrimitives.dll
[0127/011753.849:ERROR:process_memory_win.cc(73)] ReadMemory at 0x7ff9cf710000 of 64 bytes failed: Only part of a ReadProcessMemory or WriteProcessMemory request was completed. (0x12B)
[0127/011753.849:WARNING:pe_image_reader.cc(340)] could not read dos header from C:\WINDOWS\System32\windows.storage.dll
[0127/011753.849:ERROR:process_memory_win.cc(73)] ReadMemory at 0x7ff9cf330000 of 64 bytes failed: Only part of a ReadProcessMemory or WriteProcessMemory request was completed. (0x12B)
[0127/011753.849:WARNING:pe_image_reader.cc(340)] could not read dos header from C:\WINDOWS\System32\msvcp_win.dll
[0127/011753.849:ERROR:process_memory_win.cc(73)] ReadMemory at 0x7ff9d1fa0000 of 64 bytes failed: Only part of a ReadProcessMemory or WriteProcessMemory request was completed. (0x12B)
[0127/011753.849:WARNING:pe_image_reader.cc(340)] could not read dos header from C:\WINDOWS\System32\sechost.dll
[0127/011753.849:ERROR:process_memory_win.cc(73)] ReadMemory at 0x7ff9d1290000 of 64 bytes failed: Only part of a ReadProcessMemory or WriteProcessMemory request was completed. (0x12B)
[0127/011753.849:WARNING:pe_image_reader.cc(340)] could not read dos header from C:\WINDOWS\System32\advapi32.dll
[0127/011753.850:ERROR:process_memory_win.cc(73)] ReadMemory at 0x7ff9cefd0000 of 64 bytes failed: Only part of a ReadProcessMemory or WriteProcessMemory request was completed. (0x12B)
[0127/011753.850:WARNING:pe_image_reader.cc(340)] could not read dos header from C:\WINDOWS\System32\profapi.dll
[0127/011753.850:ERROR:process_memory_win.cc(73)] ReadMemory at 0x7ff9cef80000 of 64 bytes failed: Only part of a ReadProcessMemory or WriteProcessMemory request was completed. (0x12B)
[0127/011753.850:WARNING:pe_image_reader.cc(340)] could not read dos header from C:\WINDOWS\System32\powrprof.dll
[0127/011753.850:ERROR:process_memory_win.cc(73)] ReadMemory at 0x7ff9cef30000 of 64 bytes failed: Only part of a ReadProcessMemory or WriteProcessMemory request was completed. (0x12B)
[0127/011753.850:WARNING:pe_image_reader.cc(340)] could not read dos header from C:\WINDOWS\System32\UMPDC.dll
[0127/011753.850:ERROR:process_memory_win.cc(73)] ReadMemory at 0x7ff9d0f60000 of 64 bytes failed: Only part of a ReadProcessMemory or WriteProcessMemory request was completed. (0x12B)
[0127/011753.850:WARNING:pe_image_reader.cc(340)] could not read dos header from C:\WINDOWS\System32\shlwapi.dll
[0127/011753.850:ERROR:process_memory_win.cc(73)] ReadMemory at 0x7ff9d05b0000 of 64 bytes failed: Only part of a ReadProcessMemory or WriteProcessMemory request was completed. (0x12B)
[0127/011753.850:WARNING:pe_image_reader.cc(340)] could not read dos header from C:\WINDOWS\System32\GDI32.dll
[0127/011753.850:ERROR:process_memory_win.cc(73)] ReadMemory at 0x7ff9cf0b0000 of 64 bytes failed: Only part of a ReadProcessMemory or WriteProcessMemory request was completed. (0x12B)
[0127/011753.850:WARNING:pe_image_reader.cc(340)] could not read dos header from C:\WINDOWS\System32\win32u.dll
[0127/011753.850:ERROR:process_memory_win.cc(73)] ReadMemory at 0x7ff9cfe90000 of 64 bytes failed: Only part of a ReadProcessMemory or WriteProcessMemory request was completed. (0x12B)
[0127/011753.850:WARNING:pe_image_reader.cc(340)] could not read dos header from C:\WINDOWS\System32\gdi32full.dll
[0127/011753.850:ERROR:process_memory_win.cc(73)] ReadMemory at 0x7ff9d1020000 of 64 bytes failed: Only part of a ReadProcessMemory or WriteProcessMemory request was completed. (0x12B)
[0127/011753.850:WARNING:pe_image_reader.cc(340)] could not read dos header from C:\WINDOWS\System32\USER32.dll
[0127/011753.850:ERROR:process_memory_win.cc(73)] ReadMemory at 0x7ff9cef60000 of 64 bytes failed: Only part of a ReadProcessMemory or WriteProcessMemory request was completed. (0x12B)
[0127/011753.850:WARNING:pe_image_reader.cc(340)] could not read dos header from C:\WINDOWS\System32\kernel.appcore.dll
[0127/011753.850:ERROR:process_memory_win.cc(73)] ReadMemory at 0x7ff9cf310000 of 64 bytes failed: Only part of a ReadProcessMemory or WriteProcessMemory request was completed. (0x12B)
[0127/011753.850:WARNING:pe_image_reader.cc(340)] could not read dos header from C:\WINDOWS\System32\cryptsp.dll
[0127/011753.850:ERROR:process_memory_win.cc(73)] ReadMemory at 0x7ff9a1660000 of 64 bytes failed: Only part of a ReadProcessMemory or WriteProcessMemory request was completed. (0x12B)
[0127/011753.850:WARNING:pe_image_reader.cc(340)] could not read dos header from C:\Program Files (x86)\Google\Chrome\Application\74.0.3729.131\chrome_elf.dll
[0127/011753.850:ERROR:process_memory_win.cc(73)] ReadMemory at 0x7ff9c9040000 of 64 bytes failed: Only part of a ReadProcessMemory or WriteProcessMemory request was completed. (0x12B)
[0127/011753.850:WARNING:pe_image_reader.cc(340)] could not read dos header from C:\WINDOWS\SYSTEM32\VERSION.dll
[0127/011753.850:ERROR:process_memory_win.cc(73)] ReadMemory at 0x7ff9cb620000 of 64 bytes failed: Only part of a ReadProcessMemory or WriteProcessMemory request was completed. (0x12B)
[0127/011753.850:WARNING:pe_image_reader.cc(340)] could not read dos header from C:\WINDOWS\SYSTEM32\WINMM.dll
[0127/011753.851:ERROR:process_memory_win.cc(73)] ReadMemory at 0x7ff9cee50000 of 64 bytes failed: Only part of a ReadProcessMemory or WriteProcessMemory request was completed. (0x12B)
[0127/011753.851:WARNING:pe_image_reader.cc(340)] could not read dos header from C:\WINDOWS\SYSTEM32\USERENV.dll
[0127/011753.851:ERROR:process_memory_win.cc(73)] ReadMemory at 0x7ff9cb5f0000 of 64 bytes failed: Only part of a ReadProcessMemory or WriteProcessMemory request was completed. (0x12B)
[0127/011753.851:WARNING:pe_image_reader.cc(340)] could not read dos header from C:\WINDOWS\SYSTEM32\WINMMBASE.dll
[0127/011753.851:ERROR:process_memory_win.cc(73)] ReadMemory at 0x7ff9ce940000 of 64 bytes failed: Only part of a ReadProcessMemory or WriteProcessMemory request was completed. (0x12B)
[0127/011753.851:WARNING:pe_image_reader.cc(340)] could not read dos header from C:\WINDOWS\SYSTEM32\CRYPTBASE.DLL
[0127/011753.851:ERROR:process_memory_win.cc(73)] ReadMemory at 0x7ff9d1350000 of 64 bytes failed: Only part of a ReadProcessMemory or WriteProcessMemory request was completed. (0x12B)
[0127/011753.851:WARNING:pe_image_reader.cc(340)] could not read dos header from C:\WINDOWS\System32\IMM32.DLL
[0127/011753.851:ERROR:process_memory_win.cc(73)] ReadMemory at 0x7ff98f760000 of 64 bytes failed: Only part of a ReadProcessMemory or WriteProcessMemory request was completed. (0x12B)
[0127/011753.851:WARNING:pe_image_reader.cc(340)] could not read dos header from C:\Program Files (x86)\Google\Chrome\Application\74.0.3729.131\chrome_child.dll
[0127/011753.851:ERROR:process_memory_win.cc(73)] ReadMemory at 0x7ff9d1660000 of 64 bytes failed: Only part of a ReadProcessMemory or WriteProcessMemory request was completed. (0x12B)
[0127/011753.851:WARNING:pe_image_reader.cc(340)] could not read dos header from C:\WINDOWS\System32\WS2_32.dll
[0127/011753.851:ERROR:process_memory_win.cc(73)] ReadMemory at 0x7ff9d1470000 of 64 bytes failed: Only part of a ReadProcessMemory or WriteProcessMemory request was completed. (0x12B)
[0127/011753.851:WARNING:pe_image_reader.cc(340)] could not read dos header from C:\WINDOWS\System32\ole32.dll
[0127/011753.851:ERROR:process_memory_win.cc(73)] ReadMemory at 0x1ee1fff0000 of 64 bytes failed: Only part of a ReadProcessMemory or WriteProcessMemory request was completed. (0x12B)
[0127/011753.851:WARNING:pe_image_reader.cc(340)] could not read dos header from C:\WINDOWS\System32\OLEAUT32.dll
[0127/011753.851:ERROR:process_memory_win.cc(73)] ReadMemory at 0x7ff9cf3d0000 of 64 bytes failed: Only part of a ReadProcessMemory or WriteProcessMemory request was completed. (0x12B)
[0127/011753.851:WARNING:pe_image_reader.cc(340)] could not read dos header from C:\WINDOWS\System32\WINTRUST.dll
[0127/011753.851:ERROR:process_memory_win.cc(73)] ReadMemory at 0x7ff9cef40000 of 64 bytes failed: Only part of a ReadProcessMemory or WriteProcessMemory request was completed. (0x12B)
[0127/011753.851:WARNING:pe_image_reader.cc(340)] could not read dos header from C:\WINDOWS\System32\MSASN1.dll
[0127/011753.851:ERROR:process_memory_win.cc(73)] ReadMemory at 0x7ff9cf0e0000 of 64 bytes failed: Only part of a ReadProcessMemory or WriteProcessMemory request was completed. (0x12B)
[0127/011753.851:WARNING:pe_image_reader.cc(340)] could not read dos header from C:\WINDOWS\System32\CRYPT32.dll
[0127/011753.851:ERROR:process_memory_win.cc(73)] ReadMemory at 0x7ff9d1390000 of 64 bytes failed: Only part of a ReadProcessMemory or WriteProcessMemory request was completed. (0x12B)
[0127/011753.851:WARNING:pe_image_reader.cc(340)] could not read dos header from C:\WINDOWS\System32\COMDLG32.dll
[0127/011753.851:ERROR:process_memory_win.cc(73)] ReadMemory at 0x7ff9ce480000 of 64 bytes failed: Only part of a ReadProcessMemory or WriteProcessMemory request was completed. (0x12B)
[0127/011753.852:WARNING:pe_image_reader.cc(340)] could not read dos header from C:\WINDOWS\SYSTEM32\IPHLPAPI.DLL
[0127/011753.852:ERROR:process_memory_win.cc(73)] ReadMemory at 0x7ff9b6570000 of 64 bytes failed: Only part of a ReadProcessMemory or WriteProcessMemory request was completed. (0x12B)
[0127/011753.852:WARNING:pe_image_reader.cc(340)] could not read dos header from C:\WINDOWS\SYSTEM32\OLEACC.dll
[0127/011753.852:ERROR:process_memory_win.cc(73)] ReadMemory at 0x7ff9a9e70000 of 64 bytes failed: Only part of a ReadProcessMemory or WriteProcessMemory request was completed. (0x12B)
[0127/011753.852:WARNING:pe_image_reader.cc(340)] could not read dos header from C:\WINDOWS\SYSTEM32\UIAutomationCore.DLL
[0127/011753.852:ERROR:process_memory_win.cc(73)] ReadMemory at 0x7ff9cda20000 of 64 bytes failed: Only part of a ReadProcessMemory or WriteProcessMemory request was completed. (0x12B)
[0127/011753.852:WARNING:pe_image_reader.cc(340)] could not read dos header from C:\WINDOWS\SYSTEM32\WTSAPI32.dll
[0127/011753.852:ERROR:process_memory_win.cc(73)] ReadMemory at 0x7ff9af510000 of 64 bytes failed: Only part of a ReadProcessMemory or WriteProcessMemory request was completed. (0x12B)
[0127/011753.852:WARNING:pe_image_reader.cc(340)] could not read dos header from C:\WINDOWS\SYSTEM32\DWrite.dll
[0127/011753.852:ERROR:process_memory_win.cc(73)] ReadMemory at 0x7ff9cdc00000 of 64 bytes failed: Only part of a ReadProcessMemory or WriteProcessMemory request was completed. (0x12B)
[0127/011753.852:WARNING:pe_image_reader.cc(340)] could not read dos header from C:\WINDOWS\SYSTEM32\dxgi.dll
[0127/011753.852:ERROR:process_memory_win.cc(73)] ReadMemory at 0x7ff9b65e0000 of 64 bytes failed: Only part of a ReadProcessMemory or WriteProcessMemory request was completed. (0x12B)
[0127/011753.852:WARNING:pe_image_reader.cc(340)] could not read dos header from C:\WINDOWS\SYSTEM32\WINSPOOL.DRV
[0127/011753.852:ERROR:process_memory_win.cc(73)] ReadMemory at 0x7ff9cf6e0000 of 64 bytes failed: Only part of a ReadProcessMemory or WriteProcessMemory request was completed. (0x12B)
[0127/011753.852:WARNING:pe_image_reader.cc(340)] could not read dos header from C:\WINDOWS\System32\bcrypt.dll
[0127/011753.852:ERROR:process_memory_win.cc(73)] ReadMemory at 0x7ff9cd820000 of 64 bytes failed: Only part of a ReadProcessMemory or WriteProcessMemory request was completed. (0x12B)
[0127/011753.852:WARNING:pe_image_reader.cc(340)] could not read dos header from C:\WINDOWS\SYSTEM32\dbghelp.dll
[0127/011753.852:ERROR:process_memory_win.cc(73)] ReadMemory at 0x7ff9b6800000 of 64 bytes failed: Only part of a ReadProcessMemory or WriteProcessMemory request was completed. (0x12B)
[0127/011753.852:WARNING:pe_image_reader.cc(340)] could not read dos header from C:\WINDOWS\WinSxS\amd64_microsoft.windows.common-controls_6595b64144ccf1df_6.0.18362.1316_none_9e7a364fe461dbd7\COMCTL32.dll
[0127/011753.852:ERROR:process_memory_win.cc(73)] ReadMemory at 0x7ff9c83b0000 of 64 bytes failed: Only part of a ReadProcessMemory or WriteProcessMemory request was completed. (0x12B)
[0127/011753.852:WARNING:pe_image_reader.cc(340)] could not read dos header from C:\WINDOWS\SYSTEM32\USP10.dll
[0127/011753.852:ERROR:process_memory_win.cc(73)] ReadMemory at 0x7ff9cabe0000 of 64 bytes failed: Only part of a ReadProcessMemory or WriteProcessMemory request was completed. (0x12B)
[0127/011753.852:WARNING:pe_image_reader.cc(340)] could not read dos header from C:\WINDOWS\SYSTEM32\WINHTTP.dll
[0127/011753.852:ERROR:process_memory_win.cc(73)] ReadMemory at 0x7ff9c0d60000 of 64 bytes failed: Only part of a ReadProcessMemory or WriteProcessMemory request was completed. (0x12B)
[0127/011753.852:WARNING:pe_image_reader.cc(340)] could not read dos header from C:\WINDOWS\SYSTEM32\urlmon.dll
[0127/011753.853:ERROR:process_memory_win.cc(73)] ReadMemory at 0x7ff9b6090000 of 64 bytes failed: Only part of a ReadProcessMemory or WriteProcessMemory request was completed. (0x12B)
[0127/011753.853:WARNING:pe_image_reader.cc(340)] could not read dos header from C:\WINDOWS\SYSTEM32\Secur32.dll
[0127/011753.853:ERROR:process_memory_win.cc(73)] ReadMemory at 0x7ff9c4040000 of 64 bytes failed: Only part of a ReadProcessMemory or WriteProcessMemory request was completed. (0x12B)
[0127/011753.853:WARNING:pe_image_reader.cc(340)] could not read dos header from C:\WINDOWS\SYSTEM32\dhcpcsvc.DLL
[0127/011753.853:ERROR:process_memory_win.cc(73)] ReadMemory at 0x7ff9d1380000 of 64 bytes failed: Only part of a ReadProcessMemory or WriteProcessMemory request was completed. (0x12B)
[0127/011753.853:WARNING:pe_image_reader.cc(340)] could not read dos header from C:\WINDOWS\System32\NSI.dll
[0127/011753.853:ERROR:process_memory_win.cc(73)] ReadMemory at 0x7ff9caaf0000 of 64 bytes failed: Only part of a ReadProcessMemory or WriteProcessMemory request was completed. (0x12B)
[0127/011753.853:WARNING:pe_image_reader.cc(340)] could not read dos header from C:\WINDOWS\SYSTEM32\PROPSYS.dll
[0127/011753.853:ERROR:process_memory_win.cc(73)] ReadMemory at 0x7ff9c0a30000 of 64 bytes failed: Only part of a ReadProcessMemory or WriteProcessMemory request was completed. (0x12B)
[0127/011753.853:WARNING:pe_image_reader.cc(340)] could not read dos header from C:\WINDOWS\SYSTEM32\iertutil.dll
[0127/011753.853:ERROR:process_memory_win.cc(73)] ReadMemory at 0x7ff9cdb70000 of 64 bytes failed: Only part of a ReadProcessMemory or WriteProcessMemory request was completed. (0x12B)
[0127/011753.853:WARNING:pe_image_reader.cc(340)] could not read dos header from C:\WINDOWS\SYSTEM32\dxcore.dll
[0127/011753.853:ERROR:process_memory_win.cc(73)] ReadMemory at 0x7ff9cee10000 of 64 bytes failed: Only part of a ReadProcessMemory or WriteProcessMemory request was completed. (0x12B)
[0127/011753.853:WARNING:pe_image_reader.cc(340)] could not read dos header from C:\WINDOWS\SYSTEM32\SSPICLI.DLL
[0127/011753.865:ERROR:process_memory_win.cc(73)] ReadMemory at 0x696abeb000 of 86016 bytes failed: Only part of a ReadProcessMemory or WriteProcessMemory request was completed. (0x12B)
[0127/011753.865:ERROR:process_memory_win.cc(73)] ReadMemory at 0x696adfd000 of 12288 bytes failed: Only part of a ReadProcessMemory or WriteProcessMemory request was completed. (0x12B)
[0127/011753.865:ERROR:process_memory_win.cc(73)] ReadMemory at 0x696b1fc000 of 16384 bytes failed: Only part of a ReadProcessMemory or WriteProcessMemory request was completed. (0x12B)
[0127/011753.865:ERROR:process_memory_win.cc(73)] ReadMemory at 0x696b3fb000 of 20480 bytes failed: Only part of a ReadProcessMemory or WriteProcessMemory request was completed. (0x12B)
[0127/011753.865:ERROR:process_memory_win.cc(73)] ReadMemory at 0x696b5fe000 of 8192 bytes failed: Only part of a ReadProcessMemory or WriteProcessMemory request was completed. (0x12B)
[0127/011753.866:ERROR:process_memory_win.cc(73)] ReadMemory at 0x696b7fd000 of 12288 bytes failed: Only part of a ReadProcessMemory or WriteProcessMemory request was completed. (0x12B)
[0127/011753.866:ERROR:process_memory_win.cc(73)] ReadMemory at 0x696b9fb000 of 20480 bytes failed: Only part of a ReadProcessMemory or WriteProcessMemory request was completed. (0x12B)
[0127/011753.866:ERROR:process_memory_win.cc(73)] ReadMemory at 0x696bdfd000 of 12288 bytes failed: Only part of a ReadProcessMemory or WriteProcessMemory request was completed. (0x12B)
[0127/011753.866:ERROR:process_memory_win.cc(73)] ReadMemory at 0x696bffd000 of 12288 bytes failed: Only part of a ReadProcessMemory or WriteProcessMemory request was completed. (0x12B)
[0127/011753.866:ERROR:process_memory_win.cc(73)] ReadMemory at 0x696c1fd000 of 12288 bytes failed: Only part of a ReadProcessMemory or WriteProcessMemory request was completed. (0x12B)
[0127/011753.866:ERROR:process_memory_win.cc(73)] ReadMemory at 0x696c3fd000 of 12288 bytes failed: Only part of a ReadProcessMemory or WriteProcessMemory request was completed. (0x12B)
[0127/011753.866:ERROR:process_memory_win.cc(73)] ReadMemory at 0x696c5fd000 of 12288 bytes failed: Only part of a ReadProcessMemory or WriteProcessMemory request was completed. (0x12B)
[0127/011753.866:ERROR:process_memory_win.cc(73)] ReadMemory at 0x696d5fc000 of 16384 bytes failed: Only part of a ReadProcessMemory or WriteProcessMemory request was completed. (0x12B)
[0127/011753.866:ERROR:process_memory_win.cc(73)] ReadMemory at 0x696bbfd000 of 12288 bytes failed: Only part of a ReadProcessMemory or WriteProcessMemory request was completed. (0x12B)
[0127/011753.866:ERROR:process_memory_win.cc(73)] ReadMemory at 0x696affd000 of 12288 bytes failed: Only part of a ReadProcessMemory or WriteProcessMemory request was completed. (0x12B)
[0127/011753.867:ERROR:process_memory_win.cc(73)] ReadMemory at 0x696c7fd000 of 12288 bytes failed: Only part of a ReadProcessMemory or WriteProcessMemory request was completed. (0x12B)
[0127/011753.867:ERROR:process_memory_win.cc(73)] ReadMemory at 0x696a922000 of 852 bytes failed: Only part of a ReadProcessMemory or WriteProcessMemory request was completed. (0x12B)
[0127/011753.867:ERROR:process_memory_win.cc(73)] ReadMemory at 0x696a923000 of 6024 bytes failed: Only part of a ReadProcessMemory or WriteProcessMemory request was completed. (0x12B)
[0127/011753.867:ERROR:process_memory_win.cc(73)] ReadMemory at 0x696a925000 of 6024 bytes failed: Only part of a ReadProcessMemory or WriteProcessMemory request was completed. (0x12B)
[0127/011753.867:ERROR:process_memory_win.cc(73)] ReadMemory at 0x696a929000 of 6024 bytes failed: Only part of a ReadProcessMemory or WriteProcessMemory request was completed. (0x12B)
[0127/011753.867:ERROR:process_memory_win.cc(73)] ReadMemory at 0x696a92b000 of 6024 bytes failed: Only part of a ReadProcessMemory or WriteProcessMemory request was completed. (0x12B)
[0127/011753.867:ERROR:process_memory_win.cc(73)] ReadMemory at 0x696a92d000 of 6024 bytes failed: Only part of a ReadProcessMemory or WriteProcessMemory request was completed. (0x12B)
[0127/011753.867:ERROR:process_memory_win.cc(73)] ReadMemory at 0x696a92f000 of 6024 bytes failed: Only part of a ReadProcessMemory or WriteProcessMemory request was completed. (0x12B)
[0127/011753.867:ERROR:process_memory_win.cc(73)] ReadMemory at 0x696a931000 of 6024 bytes failed: Only part of a ReadProcessMemory or WriteProcessMemory request was completed. (0x12B)
[0127/011753.867:ERROR:process_memory_win.cc(73)] ReadMemory at 0x696a935000 of 6024 bytes failed: Only part of a ReadProcessMemory or WriteProcessMemory request was completed. (0x12B)
[0127/011753.868:ERROR:process_memory_win.cc(73)] ReadMemory at 0x696a937000 of 6024 bytes failed: Only part of a ReadProcessMemory or WriteProcessMemory request was completed. (0x12B)
[0127/011753.868:ERROR:process_memory_win.cc(73)] ReadMemory at 0x696a939000 of 6024 bytes failed: Only part of a ReadProcessMemory or WriteProcessMemory request was completed. (0x12B)
[0127/011753.868:ERROR:process_memory_win.cc(73)] ReadMemory at 0x696a93b000 of 6024 bytes failed: Only part of a ReadProcessMemory or WriteProcessMemory request was completed. (0x12B)
[0127/011753.868:ERROR:process_memory_win.cc(73)] ReadMemory at 0x696a93d000 of 6024 bytes failed: Only part of a ReadProcessMemory or WriteProcessMemory request was completed. (0x12B)
[0127/011753.868:ERROR:process_memory_win.cc(73)] ReadMemory at 0x696a94d000 of 6024 bytes failed: Only part of a ReadProcessMemory or WriteProcessMemory request was completed. (0x12B)
[0127/011753.868:ERROR:process_memory_win.cc(73)] ReadMemory at 0x696a963000 of 6024 bytes failed: Only part of a ReadProcessMemory or WriteProcessMemory request was completed. (0x12B)
[0127/011753.868:ERROR:process_memory_win.cc(73)] ReadMemory at 0x696a965000 of 6024 bytes failed: Only part of a ReadProcessMemory or WriteProcessMemory request was completed. (0x12B)
[0127/011753.868:ERROR:process_memory_win.cc(73)] ReadMemory at 0x696a967000 of 6024 bytes failed: Only part of a ReadProcessMemory or WriteProcessMemory request was completed. (0x12B)
[0127/011753.868:ERROR:process_memory_win.cc(73)] ReadMemory at 0x1ee1f9507b0 of 60 bytes failed: Only part of a ReadProcessMemory or WriteProcessMemory request was completed. (0x12B)
[0127/011753.868:ERROR:process_memory_win.cc(73)] ReadMemory at 0x1ee1f950fe0 of 18008 bytes failed: Only part of a ReadProcessMemory or WriteProcessMemory request was completed. (0x12B)
[0127/011753.868:ERROR:process_memory_win.cc(73)] ReadMemory at 0x1ee1f955640 of 1012 bytes failed: Only part of a ReadProcessMemory or WriteProcessMemory request was completed. (0x12B)
[0127/011753.868:ERROR:process_memory_win.cc(73)] ReadMemory at 0x1ee1f955c88 of 118 bytes failed: Only part of a ReadProcessMemory or WriteProcessMemory request was completed. (0x12B)
[0127/011753.869:ERROR:process_memory_win.cc(73)] ReadMemory at 0x1ee1f955d00 of 1064 bytes failed: Only part of a ReadProcessMemory or WriteProcessMemory request was completed. (0x12B)
[0127/011753.869:ERROR:process_memory_win.cc(73)] ReadMemory at 0x1ee1f95612a of 118 bytes failed: Only part of a ReadProcessMemory or WriteProcessMemory request was completed. (0x12B)
[0127/011753.869:ERROR:process_memory_win.cc(73)] ReadMemory at 0x1ee1f9561a2 of 104 bytes failed: Only part of a ReadProcessMemory or WriteProcessMemory request was completed. (0x12B)
[0127/011753.869:ERROR:process_memory_win.cc(73)] ReadMemory at 0x1ee1f956220 of 58 bytes failed: Only part of a ReadProcessMemory or WriteProcessMemory request was completed. (0x12B)
[0127/011753.869:ERROR:process_memory_win.cc(73)] ReadMemory at 0x1ee1f956320 of 132 bytes failed: Only part of a ReadProcessMemory or WriteProcessMemory request was completed. (0x12B)
[0127/011753.869:ERROR:process_memory_win.cc(73)] ReadMemory at 0x1ee1f9564b0 of 132 bytes failed: Only part of a ReadProcessMemory or WriteProcessMemory request was completed. (0x12B)
[0127/011753.870:ERROR:process_memory_win.cc(73)] ReadMemory at 0x1ee1f956670 of 126 bytes failed: Only part of a ReadProcessMemory or WriteProcessMemory request was completed. (0x12B)
[0127/011753.870:ERROR:process_memory_win.cc(73)] ReadMemory at 0x1ee1f956a50 of 132 bytes failed: Only part of a ReadProcessMemory or WriteProcessMemory request was completed. (0x12B)
[0127/011753.870:ERROR:process_memory_win.cc(73)] ReadMemory at 0x1ee1f956be0 of 64 bytes failed: Only part of a ReadProcessMemory or WriteProcessMemory request was completed. (0x12B)
[0127/011753.870:ERROR:process_memory_win.cc(73)] ReadMemory at 0x1ee1f956d40 of 132 bytes failed: Only part of a ReadProcessMemory or WriteProcessMemory request was completed. (0x12B)
[0127/011753.871:ERROR:process_memory_win.cc(73)] ReadMemory at 0x1ee1f956ed0 of 62 bytes failed: Only part of a ReadProcessMemory or WriteProcessMemory request was completed. (0x12B)
[0127/011753.871:ERROR:process_memory_win.cc(73)] ReadMemory at 0x1ee1f957040 of 132 bytes failed: Only part of a ReadProcessMemory or WriteProcessMemory request was completed. (0x12B)
[0127/011753.871:ERROR:process_memory_win.cc(73)] ReadMemory at 0x1ee1f9571d0 of 68 bytes failed: Only part of a ReadProcessMemory or WriteProcessMemory request was completed. (0x12B)
[0127/011753.871:ERROR:process_memory_win.cc(73)] ReadMemory at 0x1ee1f95b400 of 132 bytes failed: Only part of a ReadProcessMemory or WriteProcessMemory request was completed. (0x12B)
[0127/011753.871:ERROR:process_memory_win.cc(73)] ReadMemory at 0x1ee1f95b610 of 132 bytes failed: Only part of a ReadProcessMemory or WriteProcessMemory request was completed. (0x12B)
[0127/011753.871:ERROR:process_memory_win.cc(73)] ReadMemory at 0x1ee1f95b7a0 of 62 bytes failed: Only part of a ReadProcessMemory or WriteProcessMemory request was completed. (0x12B)
[0127/011753.871:ERROR:process_memory_win.cc(73)] ReadMemory at 0x1ee1f95d0e0 of 132 bytes failed: Only part of a ReadProcessMemory or WriteProcessMemory request was completed. (0x12B)
[0127/011753.871:ERROR:process_memory_win.cc(73)] ReadMemory at 0x1ee1f95d210 of 64 bytes failed: Only part of a ReadProcessMemory or WriteProcessMemory request was completed. (0x12B)
[0127/011753.871:ERROR:process_memory_win.cc(73)] ReadMemory at 0x1ee1f95d440 of 132 bytes failed: Only part of a ReadProcessMemory or WriteProcessMemory request was completed. (0x12B)
[0127/011753.871:ERROR:process_memory_win.cc(73)] ReadMemory at 0x1ee1f95d5d0 of 64 bytes failed: Only part of a ReadProcessMemory or WriteProcessMemory request was completed. (0x12B)
[0127/011753.871:ERROR:process_memory_win.cc(73)] ReadMemory at 0x1ee1f95fd40 of 132 bytes failed: Only part of a ReadProcessMemory or WriteProcessMemory request was completed. (0x12B)
[0127/011753.871:ERROR:process_memory_win.cc(73)] ReadMemory at 0x1ee1f9600d0 of 132 bytes failed: Only part of a ReadProcessMemory or WriteProcessMemory request was completed. (0x12B)
[0127/011753.871:ERROR:process_memory_win.cc(73)] ReadMemory at 0x1ee1f960260 of 60 bytes failed: Only part of a ReadProcessMemory or WriteProcessMemory request was completed. (0x12B)
[0127/011753.872:ERROR:process_memory_win.cc(73)] ReadMemory at 0x1ee1f960450 of 132 bytes failed: Only part of a ReadProcessMemory or WriteProcessMemory request was completed. (0x12B)
[0127/011753.872:ERROR:process_memory_win.cc(73)] ReadMemory at 0x1ee1f9605e0 of 60 bytes failed: Only part of a ReadProcessMemory or WriteProcessMemory request was completed. (0x12B)
[0127/011753.872:ERROR:process_memory_win.cc(73)] ReadMemory at 0x1ee1f960740 of 158 bytes failed: Only part of a ReadProcessMemory or WriteProcessMemory request was completed. (0x12B)
[0127/011753.872:ERROR:process_memory_win.cc(73)] ReadMemory at 0x1ee1f960820 of 132 bytes failed: Only part of a ReadProcessMemory or WriteProcessMemory request was completed. (0x12B)
[0127/011753.872:ERROR:process_memory_win.cc(73)] ReadMemory at 0x1ee1f9609b0 of 62 bytes failed: Only part of a ReadProcessMemory or WriteProcessMemory request was completed. (0x12B)
[0127/011753.872:ERROR:process_memory_win.cc(73)] ReadMemory at 0x1ee1f960d40 of 132 bytes failed: Only part of a ReadProcessMemory or WriteProcessMemory request was completed. (0x12B)
[0127/011753.872:ERROR:process_memory_win.cc(73)] ReadMemory at 0x1ee1f960f20 of 78 bytes failed: Only part of a ReadProcessMemory or WriteProcessMemory request was completed. (0x12B)
[0127/011753.872:ERROR:process_memory_win.cc(73)] ReadMemory at 0x1ee1f961340 of 80 bytes failed: Only part of a ReadProcessMemory or WriteProcessMemory request was completed. (0x12B)
[0127/011753.872:ERROR:process_memory_win.cc(73)] ReadMemory at 0x1ee1f961640 of 76 bytes failed: Only part of a ReadProcessMemory or WriteProcessMemory request was completed. (0x12B)
[0127/011753.872:ERROR:process_memory_win.cc(73)] ReadMemory at 0x1ee1f962090 of 132 bytes failed: Only part of a ReadProcessMemory or WriteProcessMemory request was completed. (0x12B)
[0127/011753.872:ERROR:process_memory_win.cc(73)] ReadMemory at 0x1ee1f962590 of 132 bytes failed: Only part of a ReadProcessMemory or WriteProcessMemory request was completed. (0x12B)
[0127/011753.873:ERROR:process_memory_win.cc(73)] ReadMemory at 0x1ee1f962710 of 62 bytes failed: Only part of a ReadProcessMemory or WriteProcessMemory request was completed. (0x12B)
[0127/011753.873:ERROR:process_memory_win.cc(73)] ReadMemory at 0x1ee1f962760 of 62 bytes failed: Only part of a ReadProcessMemory or WriteProcessMemory request was completed. (0x12B)
[0127/011753.873:ERROR:process_memory_win.cc(73)] ReadMemory at 0x1ee1f962800 of 62 bytes failed: Only part of a ReadProcessMemory or WriteProcessMemory request was completed. (0x12B)
[0127/011753.873:ERROR:process_memory_win.cc(73)] ReadMemory at 0x1ee1f962850 of 62 bytes failed: Only part of a ReadProcessMemory or WriteProcessMemory request was completed. (0x12B)
[0127/011753.873:ERROR:process_memory_win.cc(73)] ReadMemory at 0x1ee1f9628a0 of 64 bytes failed: Only part of a ReadProcessMemory or WriteProcessMemory request was completed. (0x12B)
[0127/011753.873:ERROR:process_memory_win.cc(73)] ReadMemory at 0x1ee1f9628f0 of 60 bytes failed: Only part of a ReadProcessMemory or WriteProcessMemory request was completed. (0x12B)
[0127/011753.873:ERROR:process_memory_win.cc(73)] ReadMemory at 0x1ee1f962940 of 62 bytes failed: Only part of a ReadProcessMemory or WriteProcessMemory request was completed. (0x12B)
[0127/011753.873:ERROR:process_memory_win.cc(73)] ReadMemory at 0x1ee1f962990 of 66 bytes failed: Only part of a ReadProcessMemory or WriteProcessMemory request was completed. (0x12B)
[0127/011753.873:ERROR:process_memory_win.cc(73)] ReadMemory at 0x1ee1f962a80 of 60 bytes failed: Only part of a ReadProcessMemory or WriteProcessMemory request was completed. (0x12B)
[0127/011753.873:ERROR:process_memory_win.cc(73)] ReadMemory at 0x1ee1f962ad0 of 66 bytes failed: Only part of a ReadProcessMemory or WriteProcessMemory request was completed. (0x12B)
[0127/011753.873:ERROR:process_memory_win.cc(73)] ReadMemory at 0x1ee1f962b70 of 58 bytes failed: Only part of a ReadProcessMemory or WriteProcessMemory request was completed. (0x12B)
[0127/011753.873:ERROR:process_memory_win.cc(73)] ReadMemory at 0x1ee1f962bc0 of 58 bytes failed: Only part of a ReadProcessMemory or WriteProcessMemory request was completed. (0x12B)
[0127/011753.873:ERROR:process_memory_win.cc(73)] ReadMemory at 0x1ee1f962d00 of 64 bytes failed: Only part of a ReadProcessMemory or WriteProcessMemory request was completed. (0x12B)
[0127/011753.874:ERROR:process_memory_win.cc(73)] ReadMemory at 0x1ee1f962df0 of 62 bytes failed: Only part of a ReadProcessMemory or WriteProcessMemory request was completed. (0x12B)
[0127/011753.874:ERROR:process_memory_win.cc(73)] ReadMemory at 0x1ee1f962e40 of 58 bytes failed: Only part of a ReadProcessMemory or WriteProcessMemory request was completed. (0x12B)
[0127/011753.874:ERROR:process_memory_win.cc(73)] ReadMemory at 0x1ee1f9630c0 of 132 bytes failed: Only part of a ReadProcessMemory or WriteProcessMemory request was completed. (0x12B)
[0127/011753.874:ERROR:process_memory_win.cc(73)] ReadMemory at 0x1ee1f964350 of 132 bytes failed: Only part of a ReadProcessMemory or WriteProcessMemory request was completed. (0x12B)
[0127/011753.874:ERROR:process_memory_win.cc(73)] ReadMemory at 0x1ee1f964480 of 132 bytes failed: Only part of a ReadProcessMemory or WriteProcessMemory request was completed. (0x12B)
[0127/011753.874:ERROR:process_memory_win.cc(73)] ReadMemory at 0x1ee1f9645b0 of 132 bytes failed: Only part of a ReadProcessMemory or WriteProcessMemory request was completed. (0x12B)
[0127/011753.874:ERROR:process_memory_win.cc(73)] ReadMemory at 0x1ee1f9646e0 of 132 bytes failed: Only part of a ReadProcessMemory or WriteProcessMemory request was completed. (0x12B)
[0127/011753.874:ERROR:process_memory_win.cc(73)] ReadMemory at 0x1ee1f964810 of 132 bytes failed: Only part of a ReadProcessMemory or WriteProcessMemory request was completed. (0x12B)
[0127/011753.874:ERROR:process_memory_win.cc(73)] ReadMemory at 0x1ee1f964940 of 132 bytes failed: Only part of a ReadProcessMemory or WriteProcessMemory request was completed. (0x12B)
[0127/011753.874:ERROR:process_memory_win.cc(73)] ReadMemory at 0x1ee1f964a70 of 132 bytes failed: Only part of a ReadProcessMemory or WriteProcessMemory request was completed. (0x12B)
[0127/011753.874:ERROR:process_memory_win.cc(73)] ReadMemory at 0x1ee1f964ba0 of 132 bytes failed: Only part of a ReadProcessMemory or WriteProcessMemory request was completed. (0x12B)
[0127/011753.874:ERROR:process_memory_win.cc(73)] ReadMemory at 0x1ee1f964cd0 of 132 bytes failed: Only part of a ReadProcessMemory or WriteProcessMemory request was completed. (0x12B)
[0127/011753.874:ERROR:process_memory_win.cc(73)] ReadMemory at 0x1ee1f964e00 of 132 bytes failed: Only part of a ReadProcessMemory or WriteProcessMemory request was completed. (0x12B)
[0127/011753.874:ERROR:process_memory_win.cc(73)] ReadMemory at 0x1ee1f964f30 of 132 bytes failed: Only part of a ReadProcessMemory or WriteProcessMemory request was completed. (0x12B)
[0127/011753.875:ERROR:process_memory_win.cc(73)] ReadMemory at 0x1ee1f965060 of 132 bytes failed: Only part of a ReadProcessMemory or WriteProcessMemory request was completed. (0x12B)
[0127/011753.875:ERROR:process_memory_win.cc(73)] ReadMemory at 0x1ee1f965190 of 132 bytes failed: Only part of a ReadProcessMemory or WriteProcessMemory request was completed. (0x12B)
[0127/011753.875:ERROR:process_memory_win.cc(73)] ReadMemory at 0x1ee1f965470 of 512 bytes failed: Only part of a ReadProcessMemory or WriteProcessMemory request was completed. (0x12B)
[0127/011753.875:ERROR:process_memory_win.cc(73)] ReadMemory at 0x1ee1f966ba0 of 132 bytes failed: Only part of a ReadProcessMemory or WriteProcessMemory request was completed. (0x12B)
[0127/011753.875:ERROR:process_memory_win.cc(73)] ReadMemory at 0x1ee1f966cd0 of 132 bytes failed: Only part of a ReadProcessMemory or WriteProcessMemory request was completed. (0x12B)
[0127/011753.875:ERROR:process_memory_win.cc(73)] ReadMemory at 0x1ee1f966e00 of 132 bytes failed: Only part of a ReadProcessMemory or WriteProcessMemory request was completed. (0x12B)
[0127/011753.875:ERROR:process_memory_win.cc(73)] ReadMemory at 0x1ee1f966f30 of 132 bytes failed: Only part of a ReadProcessMemory or WriteProcessMemory request was completed. (0x12B)
[0127/011753.875:ERROR:process_memory_win.cc(73)] ReadMemory at 0x1ee1f967060 of 132 bytes failed: Only part of a ReadProcessMemory or WriteProcessMemory request was completed. (0x12B)
[0127/011753.875:ERROR:process_memory_win.cc(73)] ReadMemory at 0x1ee1f967190 of 132 bytes failed: Only part of a ReadProcessMemory or WriteProcessMemory request was completed. (0x12B)
[0127/011753.875:ERROR:process_memory_win.cc(73)] ReadMemory at 0x1ee1f9672c0 of 132 bytes failed: Only part of a ReadProcessMemory or WriteProcessMemory request was completed. (0x12B)
[0127/011753.875:ERROR:process_memory_win.cc(73)] ReadMemory at 0x1ee1f9673f0 of 132 bytes failed: Only part of a ReadProcessMemory or WriteProcessMemory request was completed. (0x12B)
[0127/011753.875:ERROR:process_memory_win.cc(73)] ReadMemory at 0x1ee1f967520 of 132 bytes failed: Only part of a ReadProcessMemory or WriteProcessMemory request was completed. (0x12B)
[0127/011753.875:ERROR:process_memory_win.cc(73)] ReadMemory at 0x1ee1f967650 of 132 bytes failed: Only part of a ReadProcessMemory or WriteProcessMemory request was completed. (0x12B)
[0127/011753.875:ERROR:process_memory_win.cc(73)] ReadMemory at 0x1ee1f967780 of 132 bytes failed: Only part of a ReadProcessMemory or WriteProcessMemory request was completed. (0x12B)
[0127/011753.875:ERROR:process_memory_win.cc(73)] ReadMemory at 0x1ee1f9678b0 of 132 bytes failed: Only part of a ReadProcessMemory or WriteProcessMemory request was completed. (0x12B)
[0127/011753.875:ERROR:process_memory_win.cc(73)] ReadMemory at 0x1ee1f9679e0 of 132 bytes failed: Only part of a ReadProcessMemory or WriteProcessMemory request was completed. (0x12B)
[0127/011753.876:ERROR:process_memory_win.cc(73)] ReadMemory at 0x1ee1f967c40 of 132 bytes failed: Only part of a ReadProcessMemory or WriteProcessMemory request was completed. (0x12B)
[0127/011753.876:ERROR:process_memory_win.cc(73)] ReadMemory at 0x1ee1f967d70 of 132 bytes failed: Only part of a ReadProcessMemory or WriteProcessMemory request was completed. (0x12B)
[0127/011753.876:ERROR:process_memory_win.cc(73)] ReadMemory at 0x1ee1f967ea0 of 132 bytes failed: Only part of a ReadProcessMemory or WriteProcessMemory request was completed. (0x12B)
[0127/011753.876:ERROR:process_memory_win.cc(73)] ReadMemory at 0x1ee1f967fd0 of 132 bytes failed: Only part of a ReadProcessMemory or WriteProcessMemory request was completed. (0x12B)
[0127/011753.876:ERROR:process_memory_win.cc(73)] ReadMemory at 0x1ee1f968100 of 132 bytes failed: Only part of a ReadProcessMemory or WriteProcessMemory request was completed. (0x12B)
[0127/011753.876:ERROR:process_memory_win.cc(73)] ReadMemory at 0x1ee1f968230 of 132 bytes failed: Only part of a ReadProcessMemory or WriteProcessMemory request was completed. (0x12B)
[0127/011753.876:ERROR:process_memory_win.cc(73)] ReadMemory at 0x1ee1f968360 of 132 bytes failed: Only part of a ReadProcessMemory or WriteProcessMemory request was completed. (0x12B)
[0127/011753.876:ERROR:process_memory_win.cc(73)] ReadMemory at 0x1ee1f968490 of 132 bytes failed: Only part of a ReadProcessMemory or WriteProcessMemory request was completed. (0x12B)
[0127/011753.876:ERROR:process_memory_win.cc(73)] ReadMemory at 0x1ee1f9685c0 of 132 bytes failed: Only part of a ReadProcessMemory or WriteProcessMemory request was completed. (0x12B)
[0127/011753.876:ERROR:process_memory_win.cc(73)] ReadMemory at 0x1ee1f9686f0 of 132 bytes failed: Only part of a ReadProcessMemory or WriteProcessMemory request was completed. (0x12B)
[0127/011753.876:ERROR:process_memory_win.cc(73)] ReadMemory at 0x1ee1f968820 of 132 bytes failed: Only part of a ReadProcessMemory or WriteProcessMemory request was completed. (0x12B)
[0127/011753.876:ERROR:process_memory_win.cc(73)] ReadMemory at 0x1ee1f968950 of 132 bytes failed: Only part of a ReadProcessMemory or WriteProcessMemory request was completed. (0x12B)
[0127/011753.876:ERROR:process_memory_win.cc(73)] ReadMemory at 0x1ee1f968b60 of 154 bytes failed: Only part of a ReadProcessMemory or WriteProcessMemory request was completed. (0x12B)
[0127/011753.876:ERROR:process_memory_win.cc(73)] ReadMemory at 0x1ee1f96b600 of 66 bytes failed: Only part of a ReadProcessMemory or WriteProcessMemory request was completed. (0x12B)
[0127/011753.876:ERROR:process_memory_win.cc(73)] ReadMemory at 0x1ee1f96b740 of 56 bytes failed: Only part of a ReadProcessMemory or WriteProcessMemory request was completed. (0x12B)
[0127/011753.877:ERROR:process_memory_win.cc(73)] ReadMemory at 0x1ee1f96bbf0 of 66 bytes failed: Only part of a ReadProcessMemory or WriteProcessMemory request was completed. (0x12B)
[0127/011753.877:ERROR:process_memory_win.cc(73)] ReadMemory at 0x1ee1f977fe0 of 60 bytes failed: Only part of a ReadProcessMemory or WriteProcessMemory request was completed. (0x12B)
[0127/011753.877:ERROR:process_memory_win.cc(73)] ReadMemory at 0x1ee1f978030 of 64 bytes failed: Only part of a ReadProcessMemory or WriteProcessMemory request was completed. (0x12B)
[0127/011753.877:ERROR:process_memory_win.cc(73)] ReadMemory at 0x1ee1f978080 of 64 bytes failed: Only part of a ReadProcessMemory or WriteProcessMemory request was completed. (0x12B)
[0127/011753.877:ERROR:process_memory_win.cc(73)] ReadMemory at 0x1ee1f978300 of 64 bytes failed: Only part of a ReadProcessMemory or WriteProcessMemory request was completed. (0x12B)
[0127/011753.877:ERROR:process_memory_win.cc(73)] ReadMemory at 0x1ee1f9783a0 of 60 bytes failed: Only part of a ReadProcessMemory or WriteProcessMemory request was completed. (0x12B)
[0127/011753.877:ERROR:process_memory_win.cc(73)] ReadMemory at 0x1ee1f978800 of 60 bytes failed: Only part of a ReadProcessMemory or WriteProcessMemory request was completed. (0x12B)
[0127/011753.877:ERROR:process_memory_win.cc(73)] ReadMemory at 0x1ee1f978850 of 58 bytes failed: Only part of a ReadProcessMemory or WriteProcessMemory request was completed. (0x12B)
[0127/011753.877:ERROR:process_memory_win.cc(73)] ReadMemory at 0x1ee1f9788f0 of 60 bytes failed: Only part of a ReadProcessMemory or WriteProcessMemory request was completed. (0x12B)
[0127/011753.877:ERROR:process_memory_win.cc(73)] ReadMemory at 0x1ee1f978990 of 62 bytes failed: Only part of a ReadProcessMemory or WriteProcessMemory request was completed. (0x12B)
[0127/011753.877:ERROR:process_memory_win.cc(73)] ReadMemory at 0x1ee1f978a30 of 58 bytes failed: Only part of a ReadProcessMemory or WriteProcessMemory request was completed. (0x12B)
[0127/011753.877:ERROR:process_memory_win.cc(73)] ReadMemory at 0x1ee1f978ad0 of 64 bytes failed: Only part of a ReadProcessMemory or WriteProcessMemory request was completed. (0x12B)
[0127/011753.877:ERROR:process_memory_win.cc(73)] ReadMemory at 0x1ee1f978b20 of 64 bytes failed: Only part of a ReadProcessMemory or WriteProcessMemory request was completed. (0x12B)
[0127/011753.878:ERROR:process_memory_win.cc(73)] ReadMemory at 0x1ee1f97c5e0 of 248 bytes failed: Only part of a ReadProcessMemory or WriteProcessMemory request was completed. (0x12B)
[0127/011753.878:ERROR:process_memory_win.cc(73)] ReadMemory at 0x1ee1f97eec0 of 54 bytes failed: Only part of a ReadProcessMemory or WriteProcessMemory request was completed. (0x12B)
[0127/011753.878:ERROR:process_memory_win.cc(73)] ReadMemory at 0x1ee1f97f9d0 of 80 bytes failed: Only part of a ReadProcessMemory or WriteProcessMemory request was completed. (0x12B)
[0127/011753.878:ERROR:process_memory_win.cc(73)] ReadMemory at 0x1ee1f9809a0 of 132 bytes failed: Only part of a ReadProcessMemory or WriteProcessMemory request was completed. (0x12B)
[0127/011753.878:ERROR:process_memory_win.cc(73)] ReadMemory at 0x1ee1f980ad0 of 132 bytes failed: Only part of a ReadProcessMemory or WriteProcessMemory request was completed. (0x12B)
[0127/011753.878:ERROR:process_memory_win.cc(73)] ReadMemory at 0x1ee1f9810c0 of 132 bytes failed: Only part of a ReadProcessMemory or WriteProcessMemory request was completed. (0x12B)
[0127/011753.878:ERROR:process_memory_win.cc(73)] ReadMemory at 0x1ee1f9811f0 of 132 bytes failed: Only part of a ReadProcessMemory or WriteProcessMemory request was completed. (0x12B)
[0127/011753.878:ERROR:process_memory_win.cc(73)] ReadMemory at 0x1ee1f981320 of 132 bytes failed: Only part of a ReadProcessMemory or WriteProcessMemory request was completed. (0x12B)
[0127/011753.878:ERROR:process_memory_win.cc(73)] ReadMemory at 0x1ee1f981450 of 132 bytes failed: Only part of a ReadProcessMemory or WriteProcessMemory request was completed. (0x12B)
[0127/011753.878:ERROR:process_memory_win.cc(73)] ReadMemory at 0x1ee1f981b70 of 132 bytes failed: Only part of a ReadProcessMemory or WriteProcessMemory request was completed. (0x12B)
[0127/011753.878:ERROR:process_memory_win.cc(73)] ReadMemory at 0x1ee1f9840e0 of 62 bytes failed: Only part of a ReadProcessMemory or WriteProcessMemory request was completed. (0x12B)
[0127/011753.879:ERROR:process_memory_win.cc(73)] ReadMemory at 0x1ee1f984270 of 62 bytes failed: Only part of a ReadProcessMemory or WriteProcessMemory request was completed. (0x12B)
[0127/011753.879:ERROR:process_memory_win.cc(73)] ReadMemory at 0x1ee1f9843b0 of 64 bytes failed: Only part of a ReadProcessMemory or WriteProcessMemory request was completed. (0x12B)
[0127/011753.879:ERROR:process_memory_win.cc(73)] ReadMemory at 0x1ee1f9844f0 of 64 bytes failed: Only part of a ReadProcessMemory or WriteProcessMemory request was completed. (0x12B)
[0127/011753.879:ERROR:process_memory_win.cc(73)] ReadMemory at 0x1ee1f984540 of 58 bytes failed: Only part of a ReadProcessMemory or WriteProcessMemory request was completed. (0x12B)
[0127/011753.879:ERROR:process_memory_win.cc(73)] ReadMemory at 0x1ee1f9846d0 of 60 bytes failed: Only part of a ReadProcessMemory or WriteProcessMemory request was completed. (0x12B)
[0127/011753.879:ERROR:process_memory_win.cc(73)] ReadMemory at 0x1ee1f984720 of 60 bytes failed: Only part of a ReadProcessMemory or WriteProcessMemory request was completed. (0x12B)
[0127/011753.879:ERROR:process_memory_win.cc(73)] ReadMemory at 0x1ee1f9847c0 of 64 bytes failed: Only part of a ReadProcessMemory or WriteProcessMemory request was completed. (0x12B)
[0127/011753.879:ERROR:process_memory_win.cc(73)] ReadMemory at 0x1ee1f984810 of 60 bytes failed: Only part of a ReadProcessMemory or WriteProcessMemory request was completed. (0x12B)
[0127/011753.879:ERROR:process_memory_win.cc(73)] ReadMemory at 0x1ee1f984950 of 62 bytes failed: Only part of a ReadProcessMemory or WriteProcessMemory request was completed. (0x12B)
[0127/011753.879:ERROR:process_memory_win.cc(73)] ReadMemory at 0x1ee1f984d60 of 62 bytes failed: Only part of a ReadProcessMemory or WriteProcessMemory request was completed. (0x12B)
[0127/011753.880:ERROR:process_memory_win.cc(73)] ReadMemory at 0x1ee1f984db0 of 62 bytes failed: Only part of a ReadProcessMemory or WriteProcessMemory request was completed. (0x12B)
[0127/011753.880:ERROR:process_memory_win.cc(73)] ReadMemory at 0x1ee1f993ea0 of 512 bytes failed: Only part of a ReadProcessMemory or WriteProcessMemory request was completed. (0x12B)
[0127/011753.880:ERROR:process_memory_win.cc(73)] ReadMemory at 0x1ee200da360 of 512 bytes failed: Only part of a ReadProcessMemory or WriteProcessMemory request was completed. (0x12B)
[0127/011753.880:ERROR:process_memory_win.cc(73)] ReadMemory at 0x1ee20104380 of 512 bytes failed: Only part of a ReadProcessMemory or WriteProcessMemory request was completed. (0x12B)
[0127/011753.880:ERROR:process_memory_win.cc(73)] ReadMemory at 0x1ee20106df0 of 512 bytes failed: Only part of a ReadProcessMemory or WriteProcessMemory request was completed. (0x12B)
[0127/011753.880:ERROR:process_memory_win.cc(73)] ReadMemory at 0x1ee20123fa0 of 696 bytes failed: Only part of a ReadProcessMemory or WriteProcessMemory request was completed. (0x12B)
[0127/011753.880:ERROR:process_memory_win.cc(73)] ReadMemory at 0x1ee2013fd70 of 512 bytes failed: Only part of a ReadProcessMemory or WriteProcessMemory request was completed. (0x12B)
[0127/011753.880:ERROR:process_memory_win.cc(73)] ReadMemory at 0x1ee201f0000 of 384 bytes failed: Only part of a ReadProcessMemory or WriteProcessMemory request was completed. (0x12B)
[0127/011753.880:ERROR:process_memory_win.cc(73)] ReadMemory at 0x1ee201f02a0 of 512 bytes failed: Only part of a ReadProcessMemory or WriteProcessMemory request was completed. (0x12B)
[0127/011753.880:ERROR:process_memory_win.cc(73)] ReadMemory at 0x1ee201f6f80 of 512 bytes failed: Only part of a ReadProcessMemory or WriteProcessMemory request was completed. (0x12B)
[0127/011753.880:ERROR:process_memory_win.cc(73)] ReadMemory at 0x1ee22053640 of 512 bytes failed: Only part of a ReadProcessMemory or WriteProcessMemory request was completed. (0x12B)
[0127/011753.880:ERROR:process_memory_win.cc(73)] ReadMemory at 0x1ee220632c0 of 704 bytes failed: Only part of a ReadProcessMemory or WriteProcessMemory request was completed. (0x12B)
[0127/011753.880:ERROR:process_memory_win.cc(73)] ReadMemory at 0x1ee22063740 of 512 bytes failed: Only part of a ReadProcessMemory or WriteProcessMemory request was completed. (0x12B)
[0127/011753.881:ERROR:process_memory_win.cc(73)] ReadMemory at 0x1ee22063b00 of 512 bytes failed: Only part of a ReadProcessMemory or WriteProcessMemory request was completed. (0x12B)
[0127/011753.881:ERROR:process_memory_win.cc(73)] ReadMemory at 0x1ee23422632 of 512 bytes failed: Only part of a ReadProcessMemory or WriteProcessMemory request was completed. (0x12B)
[0127/011753.881:ERROR:process_memory_win.cc(73)] ReadMemory at 0x1ee2346dc40 of 512 bytes failed: Only part of a ReadProcessMemory or WriteProcessMemory request was completed. (0x12B)
[0127/011753.881:ERROR:process_memory_win.cc(73)] ReadMemory at 0x77e5415a5930 of 608 bytes failed: Only part of a ReadProcessMemory or WriteProcessMemory request was completed. (0x12B)
[0127/011753.881:ERROR:process_memory_win.cc(73)] ReadMemory at 0x7ff99096e3b0 of 512 bytes failed: Only part of a ReadProcessMemory or WriteProcessMemory request was completed. (0x12B)
[0127/011753.881:ERROR:process_memory_win.cc(73)] ReadMemory at 0x7ff9917f3ea0 of 652 bytes failed: Only part of a ReadProcessMemory or WriteProcessMemory request was completed. (0x12B)
[0127/011753.881:ERROR:process_memory_win.cc(73)] ReadMemory at 0x7ff991f5dd5c of 512 bytes failed: Only part of a ReadProcessMemory or WriteProcessMemory request was completed. (0x12B)
[0127/011753.881:ERROR:process_memory_win.cc(73)] ReadMemory at 0x7ff9cf69d700 of 512 bytes failed: Only part of a ReadProcessMemory or WriteProcessMemory request was completed. (0x12B)
[0127/011753.881:ERROR:process_memory_win.cc(73)] ReadMemory at 0x7ff9d0301fd0 of 512 bytes failed: Only part of a ReadProcessMemory or WriteProcessMemory request was completed. (0x12B)
[0127/011753.881:ERROR:process_memory_win.cc(73)] ReadMemory at 0x7ff9d211c6f4 of 672 bytes failed: Only part of a ReadProcessMemory or WriteProcessMemory request was completed. (0x12B)
[0127/011753.881:ERROR:process_memory_win.cc(73)] ReadMemory at 0x7ff9d211ccf4 of 512 bytes failed: Only part of a ReadProcessMemory or WriteProcessMemory request was completed. (0x12B)
[0127/011753.881:ERROR:process_memory_win.cc(73)] ReadMemory at 0x7ff9d211ffa4 of 608 bytes failed: Only part of a ReadProcessMemory or WriteProcessMemory request was completed. (0x12B)
[0127/011753.881:ERROR:process_memory_win.cc(73)] ReadMemory at 0x7ff9d21a0ce0 of 512 bytes failed: Only part of a ReadProcessMemory or WriteProcessMemory request was completed. (0x12B)
[0127/011753.881:ERROR:process_memory_win.cc(73)] ReadMemory at 0x7ff9d21ac428 of 18 bytes failed: Only part of a ReadProcessMemory or WriteProcessMemory request was completed. (0x12B)
[0127/011753.882:ERROR:process_memory_win.cc(73)] ReadMemory at 0x7ff9d21df4f8 of 40 bytes failed: Only part of a ReadProcessMemory or WriteProcessMemory request was completed. (0x12B)
[0127/011753.882:ERROR:process_memory_win.cc(73)] ReadMemory at 0x7ff9d21df978 of 48 bytes failed: Only part of a ReadProcessMemory or WriteProcessMemory request was completed. (0x12B)
[0127/011753.882:ERROR:process_memory_win.cc(73)] ReadMemory at 0x7ff9d21e53c0 of 64 bytes failed: Only part of a ReadProcessMemory or WriteProcessMemory request was completed. (0x12B)
[0127/011753.884:ERROR:scoped_process_suspend.cc(40)] NtResumeProcess: An attempt was made to access an exiting process. (0xc000010a)
